# JRE version: OpenJDK Runtime Environment Temurin-21.0.8+9 (21.0.8+9) (build 21.0.8+9-LTS)
# Java VM: OpenJDK 64-Bit Server VM Temurin-21.0.8+9 (21.0.8+9-LTS, mixed mode, sharing, tiered, compressed oops, compressed class ptrs, parallel gc, windows-amd64)
GC Precious Log:
 CardTable entry size: 512
 CPUs: 20 total, 20 available
 Memory: 16068M
 Large Page Support: Disabled
 NUMA Support: Disabled
 Compressed Oops: Enabled (32-bit)
 Alignments: Space 512K, Generation 512K, Heap 2M
 Heap Min Capacity: 100M
 Heap Initial Capacity: 100M
 Heap Max Capacity: 2G
 Pre-touch: Disabled
 Parallel Workers: 15
Heap:
 PSYoungGen      total 4608K, used 3176K [0x00000000d5580000, 0x00000000d5b00000, 0x0000000100000000)
  eden space 3584K, 77% used [0x00000000d5580000,0x00000000d5832348,0x00000000d5900000)
  from space 1024K, 40% used [0x00000000d5900000,0x00000000d5968000,0x00000000d5a00000)
  to   space 512K, 0% used [0x00000000d5a80000,0x00000000d5a80000,0x00000000d5b00000)
 ParOldGen       total 441344K, used 441110K [0x0000000080000000, 0x000000009af00000, 0x00000000d5580000)
  object space 441344K, 99% used [0x0000000080000000,0x000000009aec58f0,0x000000009af00000)
 Metaspace       used 84450K, committed 86272K, reserved 1179648K
  class space    used 10090K, committed 10880K, reserved 1048576K
GC Heap History (20 events):
Event: 107.232 GC heap before
{Heap before GC invocations=873 (full 5):
 PSYoungGen      total 5120K, used 4685K [0x00000000d5580000, 0x00000000d5f80000, 0x0000000100000000)
  eden space 2560K, 99% used [0x00000000d5580000,0x00000000d57fffa8,0x00000000d5800000)
  from space 2560K, 83% used [0x00000000d5800000,0x00000000d5a13708,0x00000000d5a80000)
  to   space 3584K, 0% used [0x00000000d5c00000,0x00000000d5c00000,0x00000000d5f80000)
 ParOldGen       total 435200K, used 435142K [0x0000000080000000, 0x000000009a900000, 0x00000000d5580000)
  object space 435200K, 99% used [0x0000000080000000,0x000000009a8f1928,0x000000009a900000)
 Metaspace       used 82863K, committed 84608K, reserved 1179648K
  class space    used 9932K, committed 10688K, reserved 1048576K
}
Event: 107.234 GC heap after
{Heap after GC invocations=873 (full 5):
 PSYoungGen      total 5120K, used 2017K [0x00000000d5580000, 0x00000000d5e00000, 0x0000000100000000)
  eden space 3072K, 0% used [0x00000000d5580000,0x00000000d5580000,0x00000000d5880000)
  from space 2048K, 98% used [0x00000000d5c00000,0x00000000d5df8630,0x00000000d5e00000)
  to   space 2560K, 0% used [0x00000000d5900000,0x00000000d5900000,0x00000000d5b80000)
 ParOldGen       total 437248K, used 437026K [0x0000000080000000, 0x000000009ab00000, 0x00000000d5580000)
  object space 437248K, 99% used [0x0000000080000000,0x000000009aac8928,0x000000009ab00000)
 Metaspace       used 82863K, committed 84608K, reserved 1179648K
  class space    used 9932K, committed 10688K, reserved 1048576K
}
Event: 107.248 GC heap before
{Heap before GC invocations=874 (full 5):
 PSYoungGen      total 5120K, used 5089K [0x00000000d5580000, 0x00000000d5e00000, 0x0000000100000000)
  eden space 3072K, 99% used [0x00000000d5580000,0x00000000d587ff38,0x00000000d5880000)
  from space 2048K, 98% used [0x00000000d5c00000,0x00000000d5df8630,0x00000000d5e00000)
  to   space 2560K, 0% used [0x00000000d5900000,0x00000000d5900000,0x00000000d5b80000)
 ParOldGen       total 437248K, used 437026K [0x0000000080000000, 0x000000009ab00000, 0x00000000d5580000)
  object space 437248K, 99% used [0x0000000080000000,0x000000009aac8928,0x000000009ab00000)
 Metaspace       used 83084K, committed 84864K, reserved 1179648K
  class space    used 9965K, committed 10752K, reserved 1048576K
}
Event: 107.250 GC heap after
{Heap after GC invocations=874 (full 5):
 PSYoungGen      total 5120K, used 1080K [0x00000000d5580000, 0x00000000d5c80000, 0x0000000100000000)
  eden space 3584K, 0% used [0x00000000d5580000,0x00000000d5580000,0x00000000d5900000)
  from space 1536K, 70% used [0x00000000d5900000,0x00000000d5a0e040,0x00000000d5a80000)
  to   space 1536K, 0% used [0x00000000d5b00000,0x00000000d5b00000,0x00000000d5c80000)
 ParOldGen       total 438784K, used 438752K [0x0000000080000000, 0x000000009ac80000, 0x00000000d5580000)
  object space 438784K, 99% used [0x0000000080000000,0x000000009ac783d0,0x000000009ac80000)
 Metaspace       used 83084K, committed 84864K, reserved 1179648K
  class space    used 9965K, committed 10752K, reserved 1048576K
}
Event: 107.261 GC heap before
{Heap before GC invocations=875 (full 5):
 PSYoungGen      total 5120K, used 3241K [0x00000000d5580000, 0x00000000d5c80000, 0x0000000100000000)
  eden space 3584K, 60% used [0x00000000d5580000,0x00000000d579c3c0,0x00000000d5900000)
  from space 1536K, 70% used [0x00000000d5900000,0x00000000d5a0e040,0x00000000d5a80000)
  to   space 1536K, 0% used [0x00000000d5b00000,0x00000000d5b00000,0x00000000d5c80000)
 ParOldGen       total 438784K, used 438752K [0x0000000080000000, 0x000000009ac80000, 0x00000000d5580000)
  object space 438784K, 99% used [0x0000000080000000,0x000000009ac783d0,0x000000009ac80000)
 Metaspace       used 83304K, committed 85056K, reserved 1179648K
  class space    used 9986K, committed 10752K, reserved 1048576K
}
Event: 107.262 GC heap after
{Heap after GC invocations=875 (full 5):
 PSYoungGen      total 4608K, used 688K [0x00000000d5580000, 0x00000000d5c00000, 0x0000000100000000)
  eden space 3584K, 0% used [0x00000000d5580000,0x00000000d5580000,0x00000000d5900000)
  from space 1024K, 67% used [0x00000000d5b00000,0x00000000d5bac088,0x00000000d5c00000)
  to   space 1024K, 0% used [0x00000000d5a00000,0x00000000d5a00000,0x00000000d5b00000)
 ParOldGen       total 439808K, used 439432K [0x0000000080000000, 0x000000009ad80000, 0x00000000d5580000)
  object space 439808K, 99% used [0x0000000080000000,0x000000009ad220f0,0x000000009ad80000)
 Metaspace       used 83304K, committed 85056K, reserved 1179648K
  class space    used 9986K, committed 10752K, reserved 1048576K
}
Event: 107.273 GC heap before
{Heap before GC invocations=876 (full 5):
 PSYoungGen      total 4608K, used 4272K [0x00000000d5580000, 0x00000000d5c00000, 0x0000000100000000)
  eden space 3584K, 100% used [0x00000000d5580000,0x00000000d5900000,0x00000000d5900000)
  from space 1024K, 67% used [0x00000000d5b00000,0x00000000d5bac088,0x00000000d5c00000)
  to   space 1024K, 0% used [0x00000000d5a00000,0x00000000d5a00000,0x00000000d5b00000)
 ParOldGen       total 439808K, used 439432K [0x0000000080000000, 0x000000009ad80000, 0x00000000d5580000)
  object space 439808K, 99% used [0x0000000080000000,0x000000009ad220f0,0x000000009ad80000)
 Metaspace       used 83433K, committed 85184K, reserved 1179648K
  class space    used 9999K, committed 10752K, reserved 1048576K
}
Event: 107.274 GC heap after
{Heap after GC invocations=876 (full 5):
 PSYoungGen      total 4608K, used 668K [0x00000000d5580000, 0x00000000d5b80000, 0x0000000100000000)
  eden space 3584K, 0% used [0x00000000d5580000,0x00000000d5580000,0x00000000d5900000)
  from space 1024K, 65% used [0x00000000d5a00000,0x00000000d5aa7358,0x00000000d5b00000)
  to   space 512K, 0% used [0x00000000d5b00000,0x00000000d5b00000,0x00000000d5b80000)
 ParOldGen       total 439808K, used 439608K [0x0000000080000000, 0x000000009ad80000, 0x00000000d5580000)
  object space 439808K, 99% used [0x0000000080000000,0x000000009ad4e0f0,0x000000009ad80000)
 Metaspace       used 83433K, committed 85184K, reserved 1179648K
  class space    used 9999K, committed 10752K, reserved 1048576K
}
Event: 107.293 GC heap before
{Heap before GC invocations=877 (full 5):
 PSYoungGen      total 4608K, used 4252K [0x00000000d5580000, 0x00000000d5b80000, 0x0000000100000000)
  eden space 3584K, 99% used [0x00000000d5580000,0x00000000d58ffff0,0x00000000d5900000)
  from space 1024K, 65% used [0x00000000d5a00000,0x00000000d5aa7358,0x00000000d5b00000)
  to   space 512K, 0% used [0x00000000d5b00000,0x00000000d5b00000,0x00000000d5b80000)
 ParOldGen       total 439808K, used 439608K [0x0000000080000000, 0x000000009ad80000, 0x00000000d5580000)
  object space 439808K, 99% used [0x0000000080000000,0x000000009ad4e0f0,0x000000009ad80000)
 Metaspace       used 83658K, committed 85440K, reserved 1179648K
  class space    used 10023K, committed 10816K, reserved 1048576K
}
Event: 107.294 GC heap after
{Heap after GC invocations=877 (full 5):
 PSYoungGen      total 4096K, used 490K [0x00000000d5580000, 0x00000000d5b80000, 0x0000000100000000)
  eden space 3584K, 0% used [0x00000000d5580000,0x00000000d5580000,0x00000000d5900000)
  from space 512K, 95% used [0x00000000d5b00000,0x00000000d5b7aa10,0x00000000d5b80000)
  to   space 1024K, 0% used [0x00000000d5980000,0x00000000d5980000,0x00000000d5a80000)
 ParOldGen       total 440320K, used 439967K [0x0000000080000000, 0x000000009ae00000, 0x00000000d5580000)
  object space 440320K, 99% used [0x0000000080000000,0x000000009ada7e38,0x000000009ae00000)
 Metaspace       used 83658K, committed 85440K, reserved 1179648K
  class space    used 10023K, committed 10816K, reserved 1048576K
}
Event: 107.310 GC heap before
{Heap before GC invocations=878 (full 5):
 PSYoungGen      total 4096K, used 3930K [0x00000000d5580000, 0x00000000d5b80000, 0x0000000100000000)
  eden space 3584K, 95% used [0x00000000d5580000,0x00000000d58dc048,0x00000000d5900000)
  from space 512K, 95% used [0x00000000d5b00000,0x00000000d5b7aa10,0x00000000d5b80000)
  to   space 1024K, 0% used [0x00000000d5980000,0x00000000d5980000,0x00000000d5a80000)
 ParOldGen       total 440320K, used 439967K [0x0000000080000000, 0x000000009ae00000, 0x00000000d5580000)
  object space 440320K, 99% used [0x0000000080000000,0x000000009ada7e38,0x000000009ae00000)
 Metaspace       used 83940K, committed 85696K, reserved 1179648K
  class space    used 10040K, committed 10816K, reserved 1048576K
}
Event: 107.314 GC heap after
{Heap after GC invocations=878 (full 5):
 PSYoungGen      total 4608K, used 564K [0x00000000d5580000, 0x00000000d5b80000, 0x0000000100000000)
  eden space 3584K, 0% used [0x00000000d5580000,0x00000000d5580000,0x00000000d5900000)
  from space 1024K, 55% used [0x00000000d5980000,0x00000000d5a0d240,0x00000000d5a80000)
  to   space 1024K, 0% used [0x00000000d5a80000,0x00000000d5a80000,0x00000000d5b80000)
 ParOldGen       total 440320K, used 440297K [0x0000000080000000, 0x000000009ae00000, 0x00000000d5580000)
  object space 440320K, 99% used [0x0000000080000000,0x000000009adfa6b0,0x000000009ae00000)
 Metaspace       used 83940K, committed 85696K, reserved 1179648K
  class space    used 10040K, committed 10816K, reserved 1048576K
}
Event: 107.318 GC heap before
{Heap before GC invocations=879 (full 5):
 PSYoungGen      total 4608K, used 4114K [0x00000000d5580000, 0x00000000d5b80000, 0x0000000100000000)
  eden space 3584K, 99% used [0x00000000d5580000,0x00000000d58f7828,0x00000000d5900000)
  from space 1024K, 55% used [0x00000000d5980000,0x00000000d5a0d240,0x00000000d5a80000)
  to   space 1024K, 0% used [0x00000000d5a80000,0x00000000d5a80000,0x00000000d5b80000)
 ParOldGen       total 440320K, used 440297K [0x0000000080000000, 0x000000009ae00000, 0x00000000d5580000)
  object space 440320K, 99% used [0x0000000080000000,0x000000009adfa6b0,0x000000009ae00000)
 Metaspace       used 83945K, committed 85696K, reserved 1179648K
  class space    used 10041K, committed 10816K, reserved 1048576K
}
Event: 107.320 GC heap after
{Heap after GC invocations=879 (full 5):
 PSYoungGen      total 4608K, used 548K [0x00000000d5580000, 0x00000000d5b80000, 0x0000000100000000)
  eden space 3584K, 0% used [0x00000000d5580000,0x00000000d5580000,0x00000000d5900000)
  from space 1024K, 53% used [0x00000000d5a80000,0x00000000d5b09268,0x00000000d5b80000)
  to   space 1024K, 0% used [0x00000000d5980000,0x00000000d5980000,0x00000000d5a80000)
 ParOldGen       total 440832K, used 440702K [0x0000000080000000, 0x000000009ae80000, 0x00000000d5580000)
  object space 440832K, 99% used [0x0000000080000000,0x000000009ae5f8f0,0x000000009ae80000)
 Metaspace       used 83945K, committed 85696K, reserved 1179648K
  class space    used 10041K, committed 10816K, reserved 1048576K
}
Event: 107.328 GC heap before
{Heap before GC invocations=880 (full 5):
 PSYoungGen      total 4608K, used 4132K [0x00000000d5580000, 0x00000000d5b80000, 0x0000000100000000)
  eden space 3584K, 100% used [0x00000000d5580000,0x00000000d5900000,0x00000000d5900000)
  from space 1024K, 53% used [0x00000000d5a80000,0x00000000d5b09268,0x00000000d5b80000)
  to   space 1024K, 0% used [0x00000000d5980000,0x00000000d5980000,0x00000000d5a80000)
 ParOldGen       total 440832K, used 440702K [0x0000000080000000, 0x000000009ae80000, 0x00000000d5580000)
  object space 440832K, 99% used [0x0000000080000000,0x000000009ae5f8f0,0x000000009ae80000)
 Metaspace       used 83981K, committed 85696K, reserved 1179648K
  class space    used 10042K, committed 10816K, reserved 1048576K
}
Event: 107.329 GC heap after
{Heap after GC invocations=880 (full 5):
 PSYoungGen      total 4608K, used 340K [0x00000000d5580000, 0x00000000d5b00000, 0x0000000100000000)
  eden space 3584K, 0% used [0x00000000d5580000,0x00000000d5580000,0x00000000d5900000)
  from space 1024K, 33% used [0x00000000d5980000,0x00000000d59d5200,0x00000000d5a80000)
  to   space 512K, 0% used [0x00000000d5a80000,0x00000000d5a80000,0x00000000d5b00000)
 ParOldGen       total 441344K, used 440902K [0x0000000080000000, 0x000000009af00000, 0x00000000d5580000)
  object space 441344K, 99% used [0x0000000080000000,0x000000009ae918f0,0x000000009af00000)
 Metaspace       used 83981K, committed 85696K, reserved 1179648K
  class space    used 10042K, committed 10816K, reserved 1048576K
}
Event: 107.340 GC heap before
{Heap before GC invocations=881 (full 5):
 PSYoungGen      total 4608K, used 3924K [0x00000000d5580000, 0x00000000d5b00000, 0x0000000100000000)
  eden space 3584K, 100% used [0x00000000d5580000,0x00000000d5900000,0x00000000d5900000)
  from space 1024K, 33% used [0x00000000d5980000,0x00000000d59d5200,0x00000000d5a80000)
  to   space 512K, 0% used [0x00000000d5a80000,0x00000000d5a80000,0x00000000d5b00000)
 ParOldGen       total 441344K, used 440902K [0x0000000080000000, 0x000000009af00000, 0x00000000d5580000)
  object space 441344K, 99% used [0x0000000080000000,0x000000009ae918f0,0x000000009af00000)
 Metaspace       used 84045K, committed 85760K, reserved 1179648K
  class space    used 10046K, committed 10816K, reserved 1048576K
}
Event: 107.341 GC heap after
{Heap after GC invocations=881 (full 5):
 PSYoungGen      total 4096K, used 492K [0x00000000d5580000, 0x00000000d5b00000, 0x0000000100000000)
  eden space 3584K, 0% used [0x00000000d5580000,0x00000000d5580000,0x00000000d5900000)
  from space 512K, 96% used [0x00000000d5a80000,0x00000000d5afb3a8,0x00000000d5b00000)
  to   space 1024K, 0% used [0x00000000d5900000,0x00000000d5900000,0x00000000d5a00000)
 ParOldGen       total 441344K, used 441038K [0x0000000080000000, 0x000000009af00000, 0x00000000d5580000)
  object space 441344K, 99% used [0x0000000080000000,0x000000009aeb38f0,0x000000009af00000)
 Metaspace       used 84045K, committed 85760K, reserved 1179648K
  class space    used 10046K, committed 10816K, reserved 1048576K
}
Event: 107.359 GC heap before
{Heap before GC invocations=882 (full 5):
 PSYoungGen      total 4096K, used 4076K [0x00000000d5580000, 0x00000000d5b00000, 0x0000000100000000)
  eden space 3584K, 100% used [0x00000000d5580000,0x00000000d5900000,0x00000000d5900000)
  from space 512K, 96% used [0x00000000d5a80000,0x00000000d5afb3a8,0x00000000d5b00000)
  to   space 1024K, 0% used [0x00000000d5900000,0x00000000d5900000,0x00000000d5a00000)
 ParOldGen       total 441344K, used 441038K [0x0000000080000000, 0x000000009af00000, 0x00000000d5580000)
  object space 441344K, 99% used [0x0000000080000000,0x000000009aeb38f0,0x000000009af00000)
 Metaspace       used 84349K, committed 86080K, reserved 1179648K
  class space    used 10074K, committed 10880K, reserved 1048576K
}
Event: 107.360 GC heap after
{Heap after GC invocations=882 (full 5):
 PSYoungGen      total 4608K, used 416K [0x00000000d5580000, 0x00000000d5b00000, 0x0000000100000000)
  eden space 3584K, 0% used [0x00000000d5580000,0x00000000d5580000,0x00000000d5900000)
  from space 1024K, 40% used [0x00000000d5900000,0x00000000d5968000,0x00000000d5a00000)
  to   space 512K, 0% used [0x00000000d5a80000,0x00000000d5a80000,0x00000000d5b00000)
 ParOldGen       total 441344K, used 441110K [0x0000000080000000, 0x000000009af00000, 0x00000000d5580000)
  object space 441344K, 99% used [0x0000000080000000,0x000000009aec58f0,0x000000009af00000)
 Metaspace       used 84349K, committed 86080K, reserved 1179648K
  class space    used 10074K, committed 10880K, reserved 1048576K
}

