# JRE version: OpenJDK Runtime Environment Temurin-21.0.8+9 (21.0.8+9) (build 21.0.8+9-LTS)
# Java VM: OpenJDK 64-Bit Server VM Temurin-21.0.8+9 (21.0.8+9-LTS, mixed mode, sharing, tiered, compressed oops, compressed class ptrs, parallel gc, windows-amd64)
GC Precious Log:
 CardTable entry size: 512
 CPUs: 20 total, 20 available
 Memory: 16068M
 Large Page Support: Disabled
 NUMA Support: Disabled
 Compressed Oops: Enabled (32-bit)
 Alignments: Space 512K, Generation 512K, Heap 2M
 Heap Min Capacity: 100M
 Heap Initial Capacity: 100M
 Heap Max Capacity: 2G
 Pre-touch: Disabled
 Parallel Workers: 15
Heap:
 PSYoungGen      total 5632K, used 1896K [0x00000000d5580000, 0x00000000d5d00000, 0x0000000100000000)
  eden space 5120K, 27% used [0x00000000d5580000,0x00000000d56da3d0,0x00000000d5a80000)
  from space 512K, 100% used [0x00000000d5c80000,0x00000000d5d00000,0x00000000d5d00000)
  to   space 1024K, 0% used [0x00000000d5b00000,0x00000000d5b00000,0x00000000d5c00000)
 ParOldGen       total 445952K, used 445708K [0x0000000080000000, 0x000000009b380000, 0x00000000d5580000)
  object space 445952K, 99% used [0x0000000080000000,0x000000009b343060,0x000000009b380000)
 Metaspace       used 88725K, committed 90304K, reserved 1179648K
  class space    used 9101K, committed 9792K, reserved 1048576K
GC Heap History (20 events):
Event: 7171.039 GC heap before
{Heap before GC invocations=2963 (full 6):
 PSYoungGen      total 7168K, used 6189K [0x00000000d5580000, 0x00000000d5f80000, 0x0000000100000000)
  eden space 3584K, 100% used [0x00000000d5580000,0x00000000d5900000,0x00000000d5900000)
  from space 3584K, 72% used [0x00000000d5c00000,0x00000000d5e8b5d8,0x00000000d5f80000)
  to   space 3072K, 0% used [0x00000000d5900000,0x00000000d5900000,0x00000000d5c00000)
 ParOldGen       total 441344K, used 440928K [0x0000000080000000, 0x000000009af00000, 0x00000000d5580000)
  object space 441344K, 99% used [0x0000000080000000,0x000000009ae98398,0x000000009af00000)
 Metaspace       used 85706K, committed 87232K, reserved 1179648K
  class space    used 8656K, committed 9344K, reserved 1048576K
}
Event: 7171.042 GC heap after
{Heap after GC invocations=2963 (full 6):
 PSYoungGen      total 6656K, used 2147K [0x00000000d5580000, 0x00000000d5f00000, 0x0000000100000000)
  eden space 3584K, 0% used [0x00000000d5580000,0x00000000d5580000,0x00000000d5900000)
  from space 3072K, 69% used [0x00000000d5900000,0x00000000d5b18d40,0x00000000d5c00000)
  to   space 2560K, 0% used [0x00000000d5c80000,0x00000000d5c80000,0x00000000d5f00000)
 ParOldGen       total 443904K, used 443280K [0x0000000080000000, 0x000000009b180000, 0x00000000d5580000)
  object space 443904K, 99% used [0x0000000080000000,0x000000009b0e4230,0x000000009b180000)
 Metaspace       used 85706K, committed 87232K, reserved 1179648K
  class space    used 8656K, committed 9344K, reserved 1048576K
}
Event: 7171.136 GC heap before
{Heap before GC invocations=2964 (full 6):
 PSYoungGen      total 6656K, used 5731K [0x00000000d5580000, 0x00000000d5f00000, 0x0000000100000000)
  eden space 3584K, 100% used [0x00000000d5580000,0x00000000d5900000,0x00000000d5900000)
  from space 3072K, 69% used [0x00000000d5900000,0x00000000d5b18d40,0x00000000d5c00000)
  to   space 2560K, 0% used [0x00000000d5c80000,0x00000000d5c80000,0x00000000d5f00000)
 ParOldGen       total 443904K, used 443280K [0x0000000080000000, 0x000000009b180000, 0x00000000d5580000)
  object space 443904K, 99% used [0x0000000080000000,0x000000009b0e4230,0x000000009b180000)
 Metaspace       used 85706K, committed 87232K, reserved 1179648K
  class space    used 8656K, committed 9344K, reserved 1048576K
}
Event: 7171.145 GC heap after
{Heap after GC invocations=2964 (full 6):
 PSYoungGen      total 5632K, used 612K [0x00000000d5580000, 0x00000000d5d80000, 0x0000000100000000)
  eden space 4608K, 0% used [0x00000000d5580000,0x00000000d5580000,0x00000000d5a00000)
  from space 1024K, 59% used [0x00000000d5c80000,0x00000000d5d19210,0x00000000d5d80000)
  to   space 1536K, 0% used [0x00000000d5a80000,0x00000000d5a80000,0x00000000d5c00000)
 ParOldGen       total 444416K, used 444040K [0x0000000080000000, 0x000000009b200000, 0x00000000d5580000)
  object space 444416K, 99% used [0x0000000080000000,0x000000009b1a2240,0x000000009b200000)
 Metaspace       used 85706K, committed 87232K, reserved 1179648K
  class space    used 8656K, committed 9344K, reserved 1048576K
}
Event: 7171.582 GC heap before
{Heap before GC invocations=2965 (full 6):
 PSYoungGen      total 5632K, used 5220K [0x00000000d5580000, 0x00000000d5d80000, 0x0000000100000000)
  eden space 4608K, 100% used [0x00000000d5580000,0x00000000d5a00000,0x00000000d5a00000)
  from space 1024K, 59% used [0x00000000d5c80000,0x00000000d5d19210,0x00000000d5d80000)
  to   space 1536K, 0% used [0x00000000d5a80000,0x00000000d5a80000,0x00000000d5c00000)
 ParOldGen       total 444416K, used 444040K [0x0000000080000000, 0x000000009b200000, 0x00000000d5580000)
  object space 444416K, 99% used [0x0000000080000000,0x000000009b1a2240,0x000000009b200000)
 Metaspace       used 85706K, committed 87232K, reserved 1179648K
  class space    used 8656K, committed 9344K, reserved 1048576K
}
Event: 7171.583 GC heap after
{Heap after GC invocations=2965 (full 6):
 PSYoungGen      total 6656K, used 256K [0x00000000d5580000, 0x00000000d5d00000, 0x0000000100000000)
  eden space 5120K, 0% used [0x00000000d5580000,0x00000000d5580000,0x00000000d5a80000)
  from space 1536K, 16% used [0x00000000d5a80000,0x00000000d5ac0000,0x00000000d5c00000)
  to   space 512K, 0% used [0x00000000d5c80000,0x00000000d5c80000,0x00000000d5d00000)
 ParOldGen       total 444416K, used 444288K [0x0000000080000000, 0x000000009b200000, 0x00000000d5580000)
  object space 444416K, 99% used [0x0000000080000000,0x000000009b1e0240,0x000000009b200000)
 Metaspace       used 85706K, committed 87232K, reserved 1179648K
  class space    used 8656K, committed 9344K, reserved 1048576K
}
Event: 7244.497 GC heap before
{Heap before GC invocations=2966 (full 6):
 PSYoungGen      total 6656K, used 5376K [0x00000000d5580000, 0x00000000d5d00000, 0x0000000100000000)
  eden space 5120K, 100% used [0x00000000d5580000,0x00000000d5a80000,0x00000000d5a80000)
  from space 1536K, 16% used [0x00000000d5a80000,0x00000000d5ac0000,0x00000000d5c00000)
  to   space 512K, 0% used [0x00000000d5c80000,0x00000000d5c80000,0x00000000d5d00000)
 ParOldGen       total 444416K, used 444288K [0x0000000080000000, 0x000000009b200000, 0x00000000d5580000)
  object space 444416K, 99% used [0x0000000080000000,0x000000009b1e0240,0x000000009b200000)
 Metaspace       used 85869K, committed 87360K, reserved 1179648K
  class space    used 8693K, committed 9344K, reserved 1048576K
}
Event: 7244.498 GC heap after
{Heap after GC invocations=2966 (full 6):
 PSYoungGen      total 5632K, used 416K [0x00000000d5580000, 0x00000000d5d00000, 0x0000000100000000)
  eden space 5120K, 0% used [0x00000000d5580000,0x00000000d5580000,0x00000000d5a80000)
  from space 512K, 81% used [0x00000000d5c80000,0x00000000d5ce8000,0x00000000d5d00000)
  to   space 512K, 0% used [0x00000000d5c00000,0x00000000d5c00000,0x00000000d5c80000)
 ParOldGen       total 444416K, used 444344K [0x0000000080000000, 0x000000009b200000, 0x00000000d5580000)
  object space 444416K, 99% used [0x0000000080000000,0x000000009b1ee240,0x000000009b200000)
 Metaspace       used 85869K, committed 87360K, reserved 1179648K
  class space    used 8693K, committed 9344K, reserved 1048576K
}
Event: 7244.560 GC heap before
{Heap before GC invocations=2967 (full 6):
 PSYoungGen      total 5632K, used 5536K [0x00000000d5580000, 0x00000000d5d00000, 0x0000000100000000)
  eden space 5120K, 100% used [0x00000000d5580000,0x00000000d5a80000,0x00000000d5a80000)
  from space 512K, 81% used [0x00000000d5c80000,0x00000000d5ce8000,0x00000000d5d00000)
  to   space 512K, 0% used [0x00000000d5c00000,0x00000000d5c00000,0x00000000d5c80000)
 ParOldGen       total 444416K, used 444344K [0x0000000080000000, 0x000000009b200000, 0x00000000d5580000)
  object space 444416K, 99% used [0x0000000080000000,0x000000009b1ee240,0x000000009b200000)
 Metaspace       used 86574K, committed 88064K, reserved 1179648K
  class space    used 8765K, committed 9408K, reserved 1048576K
}
Event: 7244.561 GC heap after
{Heap after GC invocations=2967 (full 6):
 PSYoungGen      total 5632K, used 465K [0x00000000d5580000, 0x00000000d5d00000, 0x0000000100000000)
  eden space 5120K, 0% used [0x00000000d5580000,0x00000000d5580000,0x00000000d5a80000)
  from space 512K, 90% used [0x00000000d5c00000,0x00000000d5c745c8,0x00000000d5c80000)
  to   space 512K, 0% used [0x00000000d5c80000,0x00000000d5c80000,0x00000000d5d00000)
 ParOldGen       total 444928K, used 444536K [0x0000000080000000, 0x000000009b280000, 0x00000000d5580000)
  object space 444928K, 99% used [0x0000000080000000,0x000000009b21e240,0x000000009b280000)
 Metaspace       used 86574K, committed 88064K, reserved 1179648K
  class space    used 8765K, committed 9408K, reserved 1048576K
}
Event: 7244.586 GC heap before
{Heap before GC invocations=2968 (full 6):
 PSYoungGen      total 5632K, used 5576K [0x00000000d5580000, 0x00000000d5d00000, 0x0000000100000000)
  eden space 5120K, 99% used [0x00000000d5580000,0x00000000d5a7da88,0x00000000d5a80000)
  from space 512K, 90% used [0x00000000d5c00000,0x00000000d5c745c8,0x00000000d5c80000)
  to   space 512K, 0% used [0x00000000d5c80000,0x00000000d5c80000,0x00000000d5d00000)
 ParOldGen       total 444928K, used 444536K [0x0000000080000000, 0x000000009b280000, 0x00000000d5580000)
  object space 444928K, 99% used [0x0000000080000000,0x000000009b21e240,0x000000009b280000)
 Metaspace       used 87200K, committed 88768K, reserved 1179648K
  class space    used 8849K, committed 9536K, reserved 1048576K
}
Event: 7244.587 GC heap after
{Heap after GC invocations=2968 (full 6):
 PSYoungGen      total 5632K, used 416K [0x00000000d5580000, 0x00000000d5d00000, 0x0000000100000000)
  eden space 5120K, 0% used [0x00000000d5580000,0x00000000d5580000,0x00000000d5a80000)
  from space 512K, 81% used [0x00000000d5c80000,0x00000000d5ce8000,0x00000000d5d00000)
  to   space 512K, 0% used [0x00000000d5c00000,0x00000000d5c00000,0x00000000d5c80000)
 ParOldGen       total 444928K, used 444791K [0x0000000080000000, 0x000000009b280000, 0x00000000d5580000)
  object space 444928K, 99% used [0x0000000080000000,0x000000009b25de20,0x000000009b280000)
 Metaspace       used 87200K, committed 88768K, reserved 1179648K
  class space    used 8849K, committed 9536K, reserved 1048576K
}
Event: 7244.616 GC heap before
{Heap before GC invocations=2969 (full 6):
 PSYoungGen      total 5632K, used 5536K [0x00000000d5580000, 0x00000000d5d00000, 0x0000000100000000)
  eden space 5120K, 100% used [0x00000000d5580000,0x00000000d5a80000,0x00000000d5a80000)
  from space 512K, 81% used [0x00000000d5c80000,0x00000000d5ce8000,0x00000000d5d00000)
  to   space 512K, 0% used [0x00000000d5c00000,0x00000000d5c00000,0x00000000d5c80000)
 ParOldGen       total 444928K, used 444791K [0x0000000080000000, 0x000000009b280000, 0x00000000d5580000)
  object space 444928K, 99% used [0x0000000080000000,0x000000009b25de20,0x000000009b280000)
 Metaspace       used 87607K, committed 89152K, reserved 1179648K
  class space    used 8945K, committed 9600K, reserved 1048576K
}
Event: 7244.617 GC heap after
{Heap after GC invocations=2969 (full 6):
 PSYoungGen      total 5632K, used 384K [0x00000000d5580000, 0x00000000d5d00000, 0x0000000100000000)
  eden space 5120K, 0% used [0x00000000d5580000,0x00000000d5580000,0x00000000d5a80000)
  from space 512K, 75% used [0x00000000d5c00000,0x00000000d5c60000,0x00000000d5c80000)
  to   space 512K, 0% used [0x00000000d5c80000,0x00000000d5c80000,0x00000000d5d00000)
 ParOldGen       total 444928K, used 444911K [0x0000000080000000, 0x000000009b280000, 0x00000000d5580000)
  object space 444928K, 99% used [0x0000000080000000,0x000000009b27be40,0x000000009b280000)
 Metaspace       used 87607K, committed 89152K, reserved 1179648K
  class space    used 8945K, committed 9600K, reserved 1048576K
}
Event: 7244.645 GC heap before
{Heap before GC invocations=2970 (full 6):
 PSYoungGen      total 5632K, used 5504K [0x00000000d5580000, 0x00000000d5d00000, 0x0000000100000000)
  eden space 5120K, 100% used [0x00000000d5580000,0x00000000d5a80000,0x00000000d5a80000)
  from space 512K, 75% used [0x00000000d5c00000,0x00000000d5c60000,0x00000000d5c80000)
  to   space 512K, 0% used [0x00000000d5c80000,0x00000000d5c80000,0x00000000d5d00000)
 ParOldGen       total 444928K, used 444911K [0x0000000080000000, 0x000000009b280000, 0x00000000d5580000)
  object space 444928K, 99% used [0x0000000080000000,0x000000009b27be40,0x000000009b280000)
 Metaspace       used 88190K, committed 89728K, reserved 1179648K
  class space    used 9037K, committed 9728K, reserved 1048576K
}
Event: 7244.646 GC heap after
{Heap after GC invocations=2970 (full 6):
 PSYoungGen      total 5632K, used 320K [0x00000000d5580000, 0x00000000d5d00000, 0x0000000100000000)
  eden space 5120K, 0% used [0x00000000d5580000,0x00000000d5580000,0x00000000d5a80000)
  from space 512K, 62% used [0x00000000d5c80000,0x00000000d5cd0000,0x00000000d5d00000)
  to   space 512K, 0% used [0x00000000d5c00000,0x00000000d5c00000,0x00000000d5c80000)
 ParOldGen       total 445440K, used 445071K [0x0000000080000000, 0x000000009b300000, 0x00000000d5580000)
  object space 445440K, 99% used [0x0000000080000000,0x000000009b2a3e50,0x000000009b300000)
 Metaspace       used 88190K, committed 89728K, reserved 1179648K
  class space    used 9037K, committed 9728K, reserved 1048576K
}
Event: 7244.817 GC heap before
{Heap before GC invocations=2971 (full 6):
 PSYoungGen      total 5632K, used 5440K [0x00000000d5580000, 0x00000000d5d00000, 0x0000000100000000)
  eden space 5120K, 100% used [0x00000000d5580000,0x00000000d5a80000,0x00000000d5a80000)
  from space 512K, 62% used [0x00000000d5c80000,0x00000000d5cd0000,0x00000000d5d00000)
  to   space 512K, 0% used [0x00000000d5c00000,0x00000000d5c00000,0x00000000d5c80000)
 ParOldGen       total 445440K, used 445071K [0x0000000080000000, 0x000000009b300000, 0x00000000d5580000)
  object space 445440K, 99% used [0x0000000080000000,0x000000009b2a3e50,0x000000009b300000)
 Metaspace       used 88490K, committed 90048K, reserved 1179648K
  class space    used 9076K, committed 9728K, reserved 1048576K
}
Event: 7244.818 GC heap after
{Heap after GC invocations=2971 (full 6):
 PSYoungGen      total 5632K, used 506K [0x00000000d5580000, 0x00000000d5d00000, 0x0000000100000000)
  eden space 5120K, 0% used [0x00000000d5580000,0x00000000d5580000,0x00000000d5a80000)
  from space 512K, 98% used [0x00000000d5c00000,0x00000000d5c7e900,0x00000000d5c80000)
  to   space 512K, 0% used [0x00000000d5c80000,0x00000000d5c80000,0x00000000d5d00000)
 ParOldGen       total 445440K, used 445281K [0x0000000080000000, 0x000000009b300000, 0x00000000d5580000)
  object space 445440K, 99% used [0x0000000080000000,0x000000009b2d8760,0x000000009b300000)
 Metaspace       used 88490K, committed 90048K, reserved 1179648K
  class space    used 9076K, committed 9728K, reserved 1048576K
}
Event: 7248.030 GC heap before
{Heap before GC invocations=2972 (full 6):
 PSYoungGen      total 5632K, used 5626K [0x00000000d5580000, 0x00000000d5d00000, 0x0000000100000000)
  eden space 5120K, 99% used [0x00000000d5580000,0x00000000d5a7ffe0,0x00000000d5a80000)
  from space 512K, 98% used [0x00000000d5c00000,0x00000000d5c7e900,0x00000000d5c80000)
  to   space 512K, 0% used [0x00000000d5c80000,0x00000000d5c80000,0x00000000d5d00000)
 ParOldGen       total 445440K, used 445281K [0x0000000080000000, 0x000000009b300000, 0x00000000d5580000)
  object space 445440K, 99% used [0x0000000080000000,0x000000009b2d8760,0x000000009b300000)
 Metaspace       used 88708K, committed 90304K, reserved 1179648K
  class space    used 9101K, committed 9792K, reserved 1048576K
}
Event: 7248.032 GC heap after
{Heap after GC invocations=2972 (full 6):
 PSYoungGen      total 5632K, used 512K [0x00000000d5580000, 0x00000000d5d00000, 0x0000000100000000)
  eden space 5120K, 0% used [0x00000000d5580000,0x00000000d5580000,0x00000000d5a80000)
  from space 512K, 100% used [0x00000000d5c80000,0x00000000d5d00000,0x00000000d5d00000)
  to   space 1024K, 0% used [0x00000000d5b00000,0x00000000d5b00000,0x00000000d5c00000)
 ParOldGen       total 445952K, used 445708K [0x0000000080000000, 0x000000009b380000, 0x00000000d5580000)
  object space 445952K, 99% used [0x0000000080000000,0x000000009b343060,0x000000009b380000)
 Metaspace       used 88708K, committed 90304K, reserved 1179648K
  class space    used 9101K, committed 9792K, reserved 1048576K
}

